<?xml version="1.0" encoding="UTF-8"?>
<testsuite xmlns:xsi="http://www.w3.org/2001/XMLSchema-instance" xsi:noNamespaceSchemaLocation="https://maven.apache.org/surefire/maven-surefire-plugin/xsd/surefire-test-report-3.0.xsd" version="3.0" name="com.example.poc_storage.PocStorageApplicationTests" time="1.596" tests="1" errors="0" skipped="0" failures="0">
  <properties>
[...]
</properties>
  <testcase name="contextLoads" classname="com.example.poc_storage.PocStorageApplicationTests" time="0.519">
    <system-out><![CDATA[Standard Commons Logging discovery in action with spring-jcl: please remove commons-logging.jar from classpath in order to avoid potential conflicts
19:10:29.506 [main] INFO org.springframework.test.context.support.AnnotationConfigContextLoaderUtils -- Could not detect default configuration classes for test class [com.example.poc_storage.PocStorageApplicationTests]: PocStorageApplicationTests does not declare any static, non-private, non-final, nested classes annotated with @Configuration.
19:10:29.566 [main] INFO org.springframework.boot.test.context.SpringBootTestContextBootstrapper -- Found @SpringBootConfiguration com.example.poc_storage.PocStorageApplication for test class com.example.poc_storage.PocStorageApplicationTests

  .   ____          _            __ _ _
 /\\ / ___'_ __ _ _(_)_ __  __ _ \ \ \ \
( ( )\___ | '_ | '_| | '_ \/ _` | \ \ \ \
 \\/  ___)| |_)| | | | | || (_| |  ) ) ) )
  '  |____| .__|_| |_|_| |_\__, | / / / /
 =========|_|==============|___/=/_/_/_/

 :: Spring Boot ::                (v3.3.3)

2024-09-12T19:10:29.792-06:00  INFO 41909 --- [poc-storage] [           main] c.e.p.PocStorageApplicationTests         : Starting PocStorageApplicationTests using Java 22.0.2 with PID 41909 (started by miguel.ricano in /Users/miguel.ricano/Desktop/poc-storage)
2024-09-12T19:10:29.792-06:00  INFO 41909 --- [poc-storage] [           main] c.e.p.PocStorageApplicationTests         : No active profile set, falling back to 1 default profile: "default"
2024-09-12T19:10:30.458-06:00  INFO 41909 --- [poc-storage] [           main] c.e.p.PocStorageApplicationTests         : Started PocStorageApplicationTests in 0.831 seconds (process running for 1.4)
]]></system-out>
    <system-err><![CDATA[WARNING: A Java agent has been loaded dynamically (/Users/miguel.ricano/.m2/repository/net/bytebuddy/byte-buddy-agent/1.14.19/byte-buddy-agent-1.14.19.jar)
WARNING: If a serviceability tool is in use, please run with -XX:+EnableDynamicAgentLoading to hide this warning
WARNING: If a serviceability tool is not in use, please run with -Djdk.instrument.traceUsage for more information
WARNING: Dynamic loading of agents will be disallowed by default in a future release
]]></system-err>
  </testcase>
</testsuite>